<?xml version="1.0" encoding="utf-8"?><testsuites><testsuite name="pytest" errors="0" failures="0" skipped="0" tests="4" time="0.215" timestamp="2022-09-03T07:59:20.887578" hostname="ip-172-31-17-97"><testcase classname="test_infra" name="test_jenkins_is_installed[local]" time="0.113" /><testcase classname="test_infra" name="test_jenkins_running_and_enabled[local]" time="0.035" /><testcase classname="test_infra" name="test_ansible_is_installed[local]" time="0.014" /><testcase classname="test_infra" name="test_packer_in_path[local]" time="0.004" /></testsuite></testsuites>