<?xml version="1.0" encoding="utf-8"?><testsuites><testsuite name="pytest" errors="0" failures="0" skipped="0" tests="2" time="0.144" timestamp="2022-09-09T09:26:07.430245" hostname="ip-172-31-9-227"><testcase classname="test_infra" name="test_git_is_installed[local]" time="0.082" /><testcase classname="test_infra" name="test_docker_running_and_enabled[local]" time="0.021" /></testsuite></testsuites>